Using pre-set license
Built from '2021.3/staging' branch; Version is '2021.3.13f1 (9e7d58001ecf) revision 10386776'; Using compiler version '192829333'; Build Type 'Release'
OS: 'Windows 10  (10.0.19044) 64bit Core' Language: 'ko' Physical Memory: 32555 MB
BatchMode: 1, IsHumanControllingUs: 0, StartBugReporterOnCrash: 0, Is64bit: 1, IsPro: 1

COMMAND LINE ARGUMENTS:
C:\Program Files\Unity\Hub\Editor\2021.3.13f1\Editor\Unity.exe
-adb2
-batchMode
-noUpm
-name
AssetImportWorker0
-projectPath
C:/Users/USER/VisualStudio2022/Git/Unity/Unity_221130_Inventory
-logFile
Logs/AssetImportWorker0.log
-srvPort
51141
Successfully changed project path to: C:/Users/USER/VisualStudio2022/Git/Unity/Unity_221130_Inventory
C:/Users/USER/VisualStudio2022/Git/Unity/Unity_221130_Inventory
[UnityMemory] Configuration Parameters - Can be set up in boot.config
    "memorysetup-bucket-allocator-granularity=16"
    "memorysetup-bucket-allocator-bucket-count=8"
    "memorysetup-bucket-allocator-block-size=33554432"
    "memorysetup-bucket-allocator-block-count=8"
    "memorysetup-main-allocator-block-size=16777216"
    "memorysetup-thread-allocator-block-size=16777216"
    "memorysetup-gfx-main-allocator-block-size=16777216"
    "memorysetup-gfx-thread-allocator-block-size=16777216"
    "memorysetup-cache-allocator-block-size=4194304"
    "memorysetup-typetree-allocator-block-size=2097152"
    "memorysetup-profiler-bucket-allocator-granularity=16"
    "memorysetup-profiler-bucket-allocator-bucket-count=8"
    "memorysetup-profiler-bucket-allocator-block-size=33554432"
    "memorysetup-profiler-bucket-allocator-block-count=8"
    "memorysetup-profiler-allocator-block-size=16777216"
    "memorysetup-profiler-editor-allocator-block-size=1048576"
    "memorysetup-temp-allocator-size-main=16777216"
    "memorysetup-job-temp-allocator-block-size=2097152"
    "memorysetup-job-temp-allocator-block-size-background=1048576"
    "memorysetup-job-temp-allocator-reduction-small-platforms=262144"
    "memorysetup-temp-allocator-size-background-worker=32768"
    "memorysetup-temp-allocator-size-job-worker=262144"
    "memorysetup-temp-allocator-size-preload-manager=33554432"
    "memorysetup-temp-allocator-size-nav-mesh-worker=65536"
    "memorysetup-temp-allocator-size-audio-worker=65536"
    "memorysetup-temp-allocator-size-cloud-worker=32768"
    "memorysetup-temp-allocator-size-gi-baking-worker=262144"
    "memorysetup-temp-allocator-size-gfx=262144"
Refreshing native plugins compatible for Editor in 70.76 ms, found 3 plugins.
Preloading 0 native plugins for Editor in 0.00 ms.
Initialize engine version: 2021.3.13f1 (9e7d58001ecf)
[Subsystems] Discovering subsystems at path C:/Program Files/Unity/Hub/Editor/2021.3.13f1/Editor/Data/Resources/UnitySubsystems
[Subsystems] Discovering subsystems at path C:/Users/USER/VisualStudio2022/Git/Unity/Unity_221130_Inventory/Assets
GfxDevice: creating device client; threaded=0; jobified=0
Direct3D:
    Version:  Direct3D 11.0 [level 11.1]
    Renderer: NVIDIA GeForce RTX 3060 Ti (ID=0x2489)
    Vendor:   NVIDIA
    VRAM:     8050 MB
    Driver:   31.0.15.1694
Initialize mono
Mono path[0] = 'C:/Program Files/Unity/Hub/Editor/2021.3.13f1/Editor/Data/Managed'
Mono path[1] = 'C:/Program Files/Unity/Hub/Editor/2021.3.13f1/Editor/Data/MonoBleedingEdge/lib/mono/unityjit-win32'
Mono config path = 'C:/Program Files/Unity/Hub/Editor/2021.3.13f1/Editor/Data/MonoBleedingEdge/etc'
Using monoOptions --debugger-agent=transport=dt_socket,embedding=1,server=y,suspend=n,address=127.0.0.1:56032
Begin MonoManager ReloadAssembly
Registering precompiled unity dll's ...
Register platform support module: C:/Program Files/Unity/Hub/Editor/2021.3.13f1/Editor/Data/PlaybackEngines/WindowsStandaloneSupport/UnityEditor.WindowsStandalone.Extensions.dll
Registered in 0.007053 seconds.
Native extension for WindowsStandalone target not found
Refreshing native plugins compatible for Editor in 70.16 ms, found 3 plugins.
Preloading 0 native plugins for Editor in 0.00 ms.
Mono: successfully reloaded assembly
- Completed reload, in  0.654 seconds
Domain Reload Profiling:
	ReloadAssembly (655ms)
		BeginReloadAssembly (77ms)
			ExecutionOrderSort (0ms)
			DisableScriptedObjects (0ms)
			BackupInstance (0ms)
			ReleaseScriptingObjects (0ms)
			CreateAndSetChildDomain (1ms)
		EndReloadAssembly (462ms)
			LoadAssemblies (75ms)
			RebuildTransferFunctionScriptingTraits (0ms)
			SetupTypeCache (105ms)
			ReleaseScriptCaches (0ms)
			RebuildScriptCaches (29ms)
			SetupLoadedEditorAssemblies (272ms)
				LogAssemblyErrors (0ms)
				InitializePlatformSupportModulesInManaged (10ms)
				SetLoadedEditorAssemblies (0ms)
				RefreshPlugins (70ms)
				BeforeProcessingInitializeOnLoad (1ms)
				ProcessInitializeOnLoadAttributes (136ms)
				ProcessInitializeOnLoadMethodAttributes (54ms)
				AfterProcessingInitializeOnLoad (0ms)
				EditorAssembliesLoaded (0ms)
			ExecutionOrderSort2 (0ms)
			AwakeInstancesAfterBackupRestoration (0ms)
Platform modules already initialized, skipping
Registering precompiled user dll's ...
Registered in 0.005149 seconds.
Begin MonoManager ReloadAssembly
Symbol file LoadedFromMemory doesn't match image C:\Users\USER\VisualStudio2022\Git\Unity\Unity_221130_Inventory\Library\PackageCache\com.unity.visualscripting@1.7.8\Editor\VisualScripting.Core\Dependencies\YamlDotNet\Unity.VisualScripting.YamlDotNet.dll
Symbol file LoadedFromMemory doesn't match image C:\Users\USER\VisualStudio2022\Git\Unity\Unity_221130_Inventory\Library\PackageCache\com.unity.visualscripting@1.7.8\Editor\VisualScripting.Core\Dependencies\DotNetZip\Unity.VisualScripting.IonicZip.dll
Native extension for WindowsStandalone target not found
Refreshing native plugins compatible for Editor in 0.57 ms, found 3 plugins.
Preloading 0 native plugins for Editor in 0.00 ms.
Mono: successfully reloaded assembly
- Completed reload, in  0.980 seconds
Domain Reload Profiling:
	ReloadAssembly (981ms)
		BeginReloadAssembly (93ms)
			ExecutionOrderSort (0ms)
			DisableScriptedObjects (8ms)
			BackupInstance (0ms)
			ReleaseScriptingObjects (0ms)
			CreateAndSetChildDomain (16ms)
		EndReloadAssembly (761ms)
			LoadAssemblies (57ms)
			RebuildTransferFunctionScriptingTraits (0ms)
			SetupTypeCache (221ms)
			ReleaseScriptCaches (0ms)
			RebuildScriptCaches (52ms)
			SetupLoadedEditorAssemblies (367ms)
				LogAssemblyErrors (0ms)
				InitializePlatformSupportModulesInManaged (6ms)
				SetLoadedEditorAssemblies (1ms)
				RefreshPlugins (1ms)
				BeforeProcessingInitializeOnLoad (81ms)
				ProcessInitializeOnLoadAttributes (235ms)
				ProcessInitializeOnLoadMethodAttributes (36ms)
				AfterProcessingInitializeOnLoad (7ms)
				EditorAssembliesLoaded (0ms)
			ExecutionOrderSort2 (0ms)
			AwakeInstancesAfterBackupRestoration (6ms)
Platform modules already initialized, skipping
========================================================================
Worker process is ready to serve import requests
Launched and connected shader compiler UnityShaderCompiler.exe after 0.04 seconds
Refreshing native plugins compatible for Editor in 0.37 ms, found 3 plugins.
Preloading 0 native plugins for Editor in 0.00 ms.
Unloading 3251 Unused Serialized files (Serialized files now loaded: 0)
Unloading 24 unused Assets / (56.2 KB). Loaded Objects now: 3711.
Memory consumption went from 117.8 MB to 117.7 MB.
Total: 2.212900 ms (FindLiveObjects: 0.315100 ms CreateObjectMapping: 0.100300 ms MarkObjects: 1.739600 ms  DeleteObjects: 0.056800 ms)

AssetImportParameters requested are different than current active one (requested -> active):
  custom:video-decoder-ogg-theora: a1e56fd34408186e4bbccfd4996cb3dc -> 
  custom:container-muxer-webm: aa71ff27fc2769a1b78a27578f13a17b -> 
  custom:container-demuxer-webm: 4f35f7cbe854078d1ac9338744f61a02 -> 
  custom:video-encoder-webm-vp8: eb34c28f22e8b96e1ab97ce403110664 -> 
  custom:audio-encoder-webm-vorbis: bf7c407c2cedff20999df2af8eb42d56 -> 
  custom:framework-win-MediaFoundation: 216162199b28c13a410421893ffa2e32 -> 
  custom:container-demuxer-ogg: 62fdf1f143b41e24485cea50d1cbac27 -> 
  custom:video-decoder-webm-vp8: 9c59270c3fd7afecdb556c50c9e8de78 -> 
  custom:audio-decoder-ogg-vorbis: bf7c407c2cedff20999df2af8eb42d56 -> 
========================================================================
Received Import Request.
  Time since last request: 1613125.802987 seconds.
  path: Assets/Resources
  artifactKey: Guid(b987523fcb069d249b52bf56fb618da0) Importer(815301076,1909f56bfc062723c751e8b465ee728b)
Start importing Assets/Resources using Guid(b987523fcb069d249b52bf56fb618da0) Importer(815301076,1909f56bfc062723c751e8b465ee728b)  -> (artifact id: 'bdb25a61dd301c557051ca685a143197') in 0.011222 seconds 
========================================================================
Received Import Request.
  Time since last request: 118.176596 seconds.
  path: Assets/Animations/Jean
  artifactKey: Guid(a3e3d84131ee65e41b4664dfc072e4d0) Importer(815301076,1909f56bfc062723c751e8b465ee728b)
Start importing Assets/Animations/Jean using Guid(a3e3d84131ee65e41b4664dfc072e4d0) Importer(815301076,1909f56bfc062723c751e8b465ee728b)  -> (artifact id: '7d1420d5428b5798666d926050672502') in 0.005903 seconds 
========================================================================
Received Import Request.
  Time since last request: 2.782980 seconds.
  path: Assets/Animations/Jean/Great Sword Idle.fbx
  artifactKey: Guid(d2105f0ced121f4498b62c7b86e05fa0) Importer(815301076,1909f56bfc062723c751e8b465ee728b)
Start importing Assets/Animations/Jean/Great Sword Idle.fbx using Guid(d2105f0ced121f4498b62c7b86e05fa0) Importer(815301076,1909f56bfc062723c751e8b465ee728b)  -> (artifact id: 'a1fb78bd4d98bff8730d7481d2b065d5') in 0.045654 seconds 
========================================================================
Received Import Request.
  Time since last request: 8.626182 seconds.
  path: Assets/Animations/Monster/Animators
  artifactKey: Guid(afb93cf5117912246874eda95f71b129) Importer(815301076,1909f56bfc062723c751e8b465ee728b)
Start importing Assets/Animations/Monster/Animators using Guid(afb93cf5117912246874eda95f71b129) Importer(815301076,1909f56bfc062723c751e8b465ee728b)  -> (artifact id: '97b8189defd02aa9553c94c1fe936707') in 0.007120 seconds 
========================================================================
Received Import Request.
  Time since last request: 1222.724781 seconds.
  path: Assets/Scripts
  artifactKey: Guid(e41056a0569521044917c2110584c546) Importer(815301076,1909f56bfc062723c751e8b465ee728b)
Start importing Assets/Scripts using Guid(e41056a0569521044917c2110584c546) Importer(815301076,1909f56bfc062723c751e8b465ee728b)  -> (artifact id: 'af76303e425cc16e980664e3076a9ee0') in 0.006408 seconds 
========================================================================
Received Import Request.
  Time since last request: 20.829795 seconds.
  path: Assets/Scripts/Player
  artifactKey: Guid(4075e80d74f480e48ab44ddff43e72fc) Importer(815301076,1909f56bfc062723c751e8b465ee728b)
Start importing Assets/Scripts/Player using Guid(4075e80d74f480e48ab44ddff43e72fc) Importer(815301076,1909f56bfc062723c751e8b465ee728b)  -> (artifact id: '15d98de45bf5c19cca7d9a999e705dc7') in 0.002819 seconds 
========================================================================
Received Import Request.
  Time since last request: 144.512326 seconds.
  path: Assets/Scripts/Player/PlayerCollision.cs
  artifactKey: Guid(ad050dd98af158e4ab623c751c3e27e2) Importer(815301076,1909f56bfc062723c751e8b465ee728b)
Start importing Assets/Scripts/Player/PlayerCollision.cs using Guid(ad050dd98af158e4ab623c751c3e27e2) Importer(815301076,1909f56bfc062723c751e8b465ee728b)  -> (artifact id: '5ee73117bb34d21360307b11944912d1') in 0.010333 seconds 
========================================================================
Received Import Request.
  Time since last request: 0.521891 seconds.
  path: Assets/Scripts/Player/PlayerControl.cs
  artifactKey: Guid(d073fea5ded62e04f86f8251e1a5750b) Importer(815301076,1909f56bfc062723c751e8b465ee728b)
Start importing Assets/Scripts/Player/PlayerControl.cs using Guid(d073fea5ded62e04f86f8251e1a5750b) Importer(815301076,1909f56bfc062723c751e8b465ee728b)  -> (artifact id: 'c015d26167e81b11f88703c613c395f0') in 0.002411 seconds 
========================================================================
Received Import Request.
  Time since last request: 263.217849 seconds.
  path: Assets/Resources/Prefabs/Coin.prefab
  artifactKey: Guid(8f54e6f7257f53e4482f73daf568f852) Importer(815301076,1909f56bfc062723c751e8b465ee728b)
Start importing Assets/Resources/Prefabs/Coin.prefab using Guid(8f54e6f7257f53e4482f73daf568f852) Importer(815301076,1909f56bfc062723c751e8b465ee728b)  -> (artifact id: '1a6bec7ce4fefd738dbce195badac928') in 0.234265 seconds 
========================================================================
Received Import Request.
  Time since last request: 0.135843 seconds.
  path: Assets/Resources/Prefabs/Jean.prefab
  artifactKey: Guid(3e02e4ad544902544808d4f96312d5c4) Importer(815301076,1909f56bfc062723c751e8b465ee728b)
Start importing Assets/Resources/Prefabs/Jean.prefab using Guid(3e02e4ad544902544808d4f96312d5c4) Importer(815301076,1909f56bfc062723c751e8b465ee728b)  -> (artifact id: '66b02d0cc303a7db379d3641ff23c1df') in 0.320553 seconds 
========================================================================
Received Import Request.
  Time since last request: 5.191659 seconds.
  path: Assets/Animations/Jean/Jean Animator Controler.controller
  artifactKey: Guid(476bfc2552e3152468e149d6740e77c2) Importer(815301076,1909f56bfc062723c751e8b465ee728b)
Start importing Assets/Animations/Jean/Jean Animator Controler.controller using Guid(476bfc2552e3152468e149d6740e77c2) Importer(815301076,1909f56bfc062723c751e8b465ee728b)  -> (artifact id: '5efce0f57d3ccca7b670e58931ee486c') in 0.011051 seconds 
========================================================================
Received Import Request.
  Time since last request: 9.571033 seconds.
  path: Assets/Animations/Jean/Great Sword Jump.fbx
  artifactKey: Guid(eb1d26d9b77dcdf4b876ba7d9860d744) Importer(815301076,1909f56bfc062723c751e8b465ee728b)
Start importing Assets/Animations/Jean/Great Sword Jump.fbx using Guid(eb1d26d9b77dcdf4b876ba7d9860d744) Importer(815301076,1909f56bfc062723c751e8b465ee728b)  -> (artifact id: 'cf14aef50e98b89d5dfa06662d94087b') in 0.009517 seconds 
========================================================================
Received Import Request.
  Time since last request: 139.992369 seconds.
  path: Assets/Animations/Jean/Great Sword Run_F.fbx
  artifactKey: Guid(8e679fda2b36b224fa761d6ccaa68ece) Importer(815301076,1909f56bfc062723c751e8b465ee728b)
Start importing Assets/Animations/Jean/Great Sword Run_F.fbx using Guid(8e679fda2b36b224fa761d6ccaa68ece) Importer(815301076,1909f56bfc062723c751e8b465ee728b)  -> (artifact id: '510e5c628dba4788931269dd9f16221b') in 0.008775 seconds 
========================================================================
Received Prepare
Registering precompiled user dll's ...
Registered in 0.004577 seconds.
Begin MonoManager ReloadAssembly
Symbol file LoadedFromMemory doesn't match image C:\Users\USER\VisualStudio2022\Git\Unity\Unity_221130_Inventory\Library\PackageCache\com.unity.visualscripting@1.7.8\Editor\VisualScripting.Core\Dependencies\YamlDotNet\Unity.VisualScripting.YamlDotNet.dll
Symbol file LoadedFromMemory doesn't match image C:\Users\USER\VisualStudio2022\Git\Unity\Unity_221130_Inventory\Library\PackageCache\com.unity.visualscripting@1.7.8\Editor\VisualScripting.Core\Dependencies\DotNetZip\Unity.VisualScripting.IonicZip.dll
Native extension for WindowsStandalone target not found
Refreshing native plugins compatible for Editor in 0.61 ms, found 3 plugins.
Preloading 0 native plugins for Editor in 0.00 ms.
Mono: successfully reloaded assembly
- Completed reload, in  1.009 seconds
Domain Reload Profiling:
	ReloadAssembly (1009ms)
		BeginReloadAssembly (139ms)
			ExecutionOrderSort (0ms)
			DisableScriptedObjects (5ms)
			BackupInstance (0ms)
			ReleaseScriptingObjects (0ms)
			CreateAndSetChildDomain (32ms)
		EndReloadAssembly (763ms)
			LoadAssemblies (98ms)
			RebuildTransferFunctionScriptingTraits (0ms)
			SetupTypeCache (223ms)
			ReleaseScriptCaches (1ms)
			RebuildScriptCaches (41ms)
			SetupLoadedEditorAssemblies (364ms)
				LogAssemblyErrors (0ms)
				InitializePlatformSupportModulesInManaged (14ms)
				SetLoadedEditorAssemblies (1ms)
				RefreshPlugins (1ms)
				BeforeProcessingInitializeOnLoad (63ms)
				ProcessInitializeOnLoadAttributes (243ms)
				ProcessInitializeOnLoadMethodAttributes (35ms)
				AfterProcessingInitializeOnLoad (8ms)
				EditorAssembliesLoaded (0ms)
			ExecutionOrderSort2 (0ms)
			AwakeInstancesAfterBackupRestoration (9ms)
Platform modules already initialized, skipping
Refreshing native plugins compatible for Editor in 1.01 ms, found 3 plugins.
Preloading 0 native plugins for Editor in 0.00 ms.
Unloading 3392 Unused Serialized files (Serialized files now loaded: 0)
Unloading 19 unused Assets / (118.5 KB). Loaded Objects now: 3894.
Memory consumption went from 139.3 MB to 139.2 MB.
Total: 1.893000 ms (FindLiveObjects: 0.155000 ms CreateObjectMapping: 0.068100 ms MarkObjects: 1.616800 ms  DeleteObjects: 0.052400 ms)

AssetImportParameters requested are different than current active one (requested -> active):
  custom:video-decoder-ogg-theora: a1e56fd34408186e4bbccfd4996cb3dc -> 
  custom:container-muxer-webm: aa71ff27fc2769a1b78a27578f13a17b -> 
  custom:container-demuxer-webm: 4f35f7cbe854078d1ac9338744f61a02 -> 
  custom:video-encoder-webm-vp8: eb34c28f22e8b96e1ab97ce403110664 -> 
  custom:audio-encoder-webm-vorbis: bf7c407c2cedff20999df2af8eb42d56 -> 
  custom:framework-win-MediaFoundation: 216162199b28c13a410421893ffa2e32 -> 
  custom:container-demuxer-ogg: 62fdf1f143b41e24485cea50d1cbac27 -> 
  custom:video-decoder-webm-vp8: 9c59270c3fd7afecdb556c50c9e8de78 -> 
  custom:audio-decoder-ogg-vorbis: bf7c407c2cedff20999df2af8eb42d56 -> 
========================================================================
Received Prepare
Registering precompiled user dll's ...
Registered in 0.004893 seconds.
Begin MonoManager ReloadAssembly
Symbol file LoadedFromMemory doesn't match image C:\Users\USER\VisualStudio2022\Git\Unity\Unity_221130_Inventory\Library\PackageCache\com.unity.visualscripting@1.7.8\Editor\VisualScripting.Core\Dependencies\YamlDotNet\Unity.VisualScripting.YamlDotNet.dll
Symbol file LoadedFromMemory doesn't match image C:\Users\USER\VisualStudio2022\Git\Unity\Unity_221130_Inventory\Library\PackageCache\com.unity.visualscripting@1.7.8\Editor\VisualScripting.Core\Dependencies\DotNetZip\Unity.VisualScripting.IonicZip.dll
Native extension for WindowsStandalone target not found
Refreshing native plugins compatible for Editor in 0.61 ms, found 3 plugins.
Preloading 0 native plugins for Editor in 0.00 ms.
Mono: successfully reloaded assembly
- Completed reload, in  1.012 seconds
Domain Reload Profiling:
	ReloadAssembly (1012ms)
		BeginReloadAssembly (124ms)
			ExecutionOrderSort (0ms)
			DisableScriptedObjects (5ms)
			BackupInstance (0ms)
			ReleaseScriptingObjects (0ms)
			CreateAndSetChildDomain (31ms)
		EndReloadAssembly (780ms)
			LoadAssemblies (84ms)
			RebuildTransferFunctionScriptingTraits (0ms)
			SetupTypeCache (229ms)
			ReleaseScriptCaches (1ms)
			RebuildScriptCaches (49ms)
			SetupLoadedEditorAssemblies (370ms)
				LogAssemblyErrors (0ms)
				InitializePlatformSupportModulesInManaged (14ms)
				SetLoadedEditorAssemblies (1ms)
				RefreshPlugins (1ms)
				BeforeProcessingInitializeOnLoad (67ms)
				ProcessInitializeOnLoadAttributes (241ms)
				ProcessInitializeOnLoadMethodAttributes (38ms)
				AfterProcessingInitializeOnLoad (9ms)
				EditorAssembliesLoaded (0ms)
			ExecutionOrderSort2 (0ms)
			AwakeInstancesAfterBackupRestoration (7ms)
Platform modules already initialized, skipping
Refreshing native plugins compatible for Editor in 1.98 ms, found 3 plugins.
Preloading 0 native plugins for Editor in 0.00 ms.
Unloading 3392 Unused Serialized files (Serialized files now loaded: 0)
Unloading 19 unused Assets / (118.6 KB). Loaded Objects now: 3909.
Memory consumption went from 139.3 MB to 139.2 MB.
Total: 3.194400 ms (FindLiveObjects: 0.369300 ms CreateObjectMapping: 0.127200 ms MarkObjects: 2.623800 ms  DeleteObjects: 0.072600 ms)

AssetImportParameters requested are different than current active one (requested -> active):
  custom:video-decoder-ogg-theora: a1e56fd34408186e4bbccfd4996cb3dc -> 
  custom:container-muxer-webm: aa71ff27fc2769a1b78a27578f13a17b -> 
  custom:container-demuxer-webm: 4f35f7cbe854078d1ac9338744f61a02 -> 
  custom:video-encoder-webm-vp8: eb34c28f22e8b96e1ab97ce403110664 -> 
  custom:audio-encoder-webm-vorbis: bf7c407c2cedff20999df2af8eb42d56 -> 
  custom:framework-win-MediaFoundation: 216162199b28c13a410421893ffa2e32 -> 
  custom:container-demuxer-ogg: 62fdf1f143b41e24485cea50d1cbac27 -> 
  custom:video-decoder-webm-vp8: 9c59270c3fd7afecdb556c50c9e8de78 -> 
  custom:audio-decoder-ogg-vorbis: bf7c407c2cedff20999df2af8eb42d56 -> 
========================================================================
Received Import Request.
  Time since last request: 738.012482 seconds.
  path: Assets/Resources/Prefabs/Jean.prefab
  artifactKey: Guid(3e02e4ad544902544808d4f96312d5c4) Importer(815301076,1909f56bfc062723c751e8b465ee728b)
Start importing Assets/Resources/Prefabs/Jean.prefab using Guid(3e02e4ad544902544808d4f96312d5c4) Importer(815301076,1909f56bfc062723c751e8b465ee728b)  -> (artifact id: 'b68486ab645c910dd1b11b0c2650fad8') in 0.107659 seconds 
